<html>
<head>
<title>TestNG:  Default test</title>
<link href="../testng.css" rel="stylesheet" type="text/css" />
<link href="../my-testng.css" rel="stylesheet" type="text/css" />

<style type="text/css">
.log { display: none;} 
.stack-trace { display: none;} 
</style>
<script type="text/javascript">
<!--
function flip(e) {
  current = e.style.display;
  if (current == 'block') {
    e.style.display = 'none';
    return 0;
  }
  else {
    e.style.display = 'block';
    return 1;
  }
}

function toggleBox(szDivId, elem, msg1, msg2)
{
  var res = -1;  if (document.getElementById) {
    res = flip(document.getElementById(szDivId));
  }
  else if (document.all) {
    // this is the way old msie versions work
    res = flip(document.all[szDivId]);
  }
  if(elem) {
    if(res == 0) elem.innerHTML = msg1; else elem.innerHTML = msg2;
  }

}

function toggleAllBoxes() {
  if (document.getElementsByTagName) {
    d = document.getElementsByTagName('div');
    for (i = 0; i < d.length; i++) {
      if (d[i].className == 'log') {
        flip(d[i]);
      }
    }
  }
}

// -->
</script>

</head>
<body>
<h2 align='center'>Default test</h2><table border='1' align="center">
<tr>
<td>Tests passed/Failed/Skipped:</td><td>6/1/0</td>
</tr><tr>
<td>Started on:</td><td>Sat Mar 15 16:35:42 IST 2025</td>
</tr>
<tr><td>Total time:</td><td>86 seconds (86992 ms)</td>
</tr><tr>
<td>Included groups:</td><td></td>
</tr><tr>
<td>Excluded groups:</td><td></td>
</tr>
</table><p/>
<small><i>(Hover the method name to see the test class name)</i></small><p/>
<table width='100%' border='1' class='invocation-failed'>
<tr><td colspan='4' align='center'><b>FAILED TESTS</b></td></tr>
<tr><td><b>Test method</b></td>
<td><b>Attribute(s)</b></td>
<td width="30%"><b>Exception</b></td>
<td width="10%"><b>Time (seconds)</b></td>
<td><b>Instance</b></td>
</tr>
<tr>
<td title='cucumberOptions.TestNGTestRunner.runScenario()'><b>runScenario</b><br>Test class: cucumberOptions.TestNGTestRunner<br>Test method: Runs Cucumber Scenarios<br>Parameters: "Validating search results in home page and Top Deals Page", "Search and place the order for products"</td>
<td><div><pre>java.lang.AssertionError: expected [16] but found [26]
	at org.testng.Assert.fail(Assert.java:111)
	at org.testng.Assert.failNotEquals(Assert.java:1578)
	at org.testng.Assert.assertEqualsImpl(Assert.java:150)
	at org.testng.Assert.assertEquals(Assert.java:132)
	at org.testng.Assert.assertEquals(Assert.java:656)
	at org.testng.Assert.assertEquals(Assert.java:666)
	at stepDefinitions.TopDealsPageStepDefinition.validating_whether_price_is_displayed_is_same_in_both_the_pages(TopDealsPageStepDefinition.java:82)
	at ✽.validating whether price displayed is same in both the pages(file:///C:/Users/chan_du/Downloads/15%20March%20Export/E-Commerce%20WebSite%20Automation/src/test/java/features/SearchProduct.feature:7)
</pre></div><a href='#' onClick='toggleBox("stack-trace1773371228", this, "Click to show all stack frames", "Click to hide stack frames")'>Click to show all stack frames</a>
<div class='stack-trace' id='stack-trace1773371228'><pre>java.lang.AssertionError: expected [16] but found [26]
	at org.testng.Assert.fail(Assert.java:111)
	at org.testng.Assert.failNotEquals(Assert.java:1578)
	at org.testng.Assert.assertEqualsImpl(Assert.java:150)
	at org.testng.Assert.assertEquals(Assert.java:132)
	at org.testng.Assert.assertEquals(Assert.java:656)
	at org.testng.Assert.assertEquals(Assert.java:666)
	at stepDefinitions.TopDealsPageStepDefinition.validating_whether_price_is_displayed_is_same_in_both_the_pages(TopDealsPageStepDefinition.java:82)
	at ✽.validating whether price displayed is same in both the pages(file:///C:/Users/chan_du/Downloads/15%20March%20Export/E-Commerce%20WebSite%20Automation/src/test/java/features/SearchProduct.feature:7)
</pre></div></td>
<td>6</td>
<td>cucumberOptions.TestNGTestRunner@62e7f11d</td></tr>
</table><p>
<table width='100%' border='1' class='invocation-passed'>
<tr><td colspan='4' align='center'><b>PASSED TESTS</b></td></tr>
<tr><td><b>Test method</b></td>
<td><b>Attribute(s)</b></td>
<td width="30%"><b>Exception</b></td>
<td width="10%"><b>Time (seconds)</b></td>
<td><b>Instance</b></td>
</tr>
<tr>
<td title='cucumberOptions.TestNGTestRunner.runScenario()'><b>runScenario</b><br>Test class: cucumberOptions.TestNGTestRunner<br>Test method: Runs Cucumber Scenarios<br>Parameters: "user places order of desired products with desired quantity", "Add to cart and place order"</td>
<td></td>
<td>11</td>
<td>cucumberOptions.TestNGTestRunner@62e7f11d</td></tr>
<tr>
<td title='cucumberOptions.TestNGTestRunner.runScenario()'><b>runScenario</b><br>Test class: cucumberOptions.TestNGTestRunner<br>Test method: Runs Cucumber Scenarios<br>Parameters: "Validating search results in home page and Top Deals Page", "Search and place the order for products"</td>
<td></td>
<td>5</td>
<td>cucumberOptions.TestNGTestRunner@62e7f11d</td></tr>
<tr>
<td title='cucumberOptions.TestNGTestRunner.runScenario()'><b>runScenario</b><br>Test class: cucumberOptions.TestNGTestRunner<br>Test method: Runs Cucumber Scenarios<br>Parameters: "user places order of desired products with desired quantity", "Add to cart and place order"</td>
<td></td>
<td>8</td>
<td>cucumberOptions.TestNGTestRunner@62e7f11d</td></tr>
<tr>
<td title='cucumberOptions.TestNGTestRunner.runScenario()'><b>runScenario</b><br>Test class: cucumberOptions.TestNGTestRunner<br>Test method: Runs Cucumber Scenarios<br>Parameters: "Validating search results in home page and Top Deals Page using exceldata", "Search and place the order for products"</td>
<td></td>
<td>16</td>
<td>cucumberOptions.TestNGTestRunner@62e7f11d</td></tr>
<tr>
<td title='cucumberOptions.TestNGTestRunner.runScenario()'><b>runScenario</b><br>Test class: cucumberOptions.TestNGTestRunner<br>Test method: Runs Cucumber Scenarios<br>Parameters: "Validating search results in home page and Top Deals Page", "Search and place the order for products"</td>
<td></td>
<td>4</td>
<td>cucumberOptions.TestNGTestRunner@62e7f11d</td></tr>
<tr>
<td title='cucumberOptions.TestNGTestRunner.runScenario()'><b>runScenario</b><br>Test class: cucumberOptions.TestNGTestRunner<br>Test method: Runs Cucumber Scenarios<br>Parameters: "user places order of desired products with desired quantity", "Add to cart and place order"</td>
<td></td>
<td>33</td>
<td>cucumberOptions.TestNGTestRunner@62e7f11d</td></tr>
</table><p>
</body>
</html>