<?xml version="1.0" encoding="UTF-8"?>
<!-- Generated by org.testng.reporters.JUnitReportReporter -->
<testsuite hostname="SPFHYLL-0292" failures="1" tests="2" name="cucumberOptions.FailedCasesTestRunner" time="11.612" errors="0" timestamp="2025-03-03T16:01:20 IST" skipped="0">
  <testcase classname="cucumberOptions.FailedCasesTestRunner" name="runScenario" time="6.214">
    <failure message="expected [16] but found [26]" type="java.lang.AssertionError">
      <![CDATA[java.lang.AssertionError: expected [16] but found [26]
at org.testng.Assert.fail(Assert.java:111)
at org.testng.Assert.failNotEquals(Assert.java:1578)
at org.testng.Assert.assertEqualsImpl(Assert.java:150)
at org.testng.Assert.assertEquals(Assert.java:132)
at org.testng.Assert.assertEquals(Assert.java:656)
at org.testng.Assert.assertEquals(Assert.java:666)
at stepDefinitions.TopDealsPageStepDefinition.validating_whether_price_is_displayed_is_same_in_both_the_pages(TopDealsPageStepDefinition.java:82)
at âœ½.validating whether price displayed is same in both the pages(file:///C:/Users/DeviPothabattula/Downloads/Practicetest/newexportautomation/new22/CucumberProject/src/test/java/features/SearchProduct.feature:7)
]]>
    </failure>
  </testcase> <!-- runScenario -->
  <testcase classname="cucumberOptions.FailedCasesTestRunner" name="runScenario" time="5.398"/>
</testsuite> <!-- cucumberOptions.FailedCasesTestRunner -->
