<?xml version="1.0" encoding="UTF-8"?>
<!-- Generated by org.testng.reporters.JUnitReportReporter -->
<testsuite hostname="chandu" failures="1" tests="7" name="cucumberOptions.TestNGTestRunner" time="85.972" errors="0" timestamp="2025-03-15T16:37:09 IST" skipped="0">
  <testcase classname="cucumberOptions.TestNGTestRunner" name="runScenario" time="11.369"/>
  <testcase classname="cucumberOptions.TestNGTestRunner" name="runScenario" time="5.040"/>
  <testcase classname="cucumberOptions.TestNGTestRunner" name="runScenario" time="8.394"/>
  <testcase classname="cucumberOptions.TestNGTestRunner" name="runScenario" time="16.119"/>
  <testcase classname="cucumberOptions.TestNGTestRunner" name="runScenario" time="4.560"/>
  <testcase classname="cucumberOptions.TestNGTestRunner" name="runScenario" time="33.763"/>
  <testcase classname="cucumberOptions.TestNGTestRunner" name="runScenario" time="6.727">
    <failure message="expected [16] but found [26]" type="java.lang.AssertionError">
      <![CDATA[java.lang.AssertionError: expected [16] but found [26]
at org.testng.Assert.fail(Assert.java:111)
at org.testng.Assert.failNotEquals(Assert.java:1578)
at org.testng.Assert.assertEqualsImpl(Assert.java:150)
at org.testng.Assert.assertEquals(Assert.java:132)
at org.testng.Assert.assertEquals(Assert.java:656)
at org.testng.Assert.assertEquals(Assert.java:666)
at stepDefinitions.TopDealsPageStepDefinition.validating_whether_price_is_displayed_is_same_in_both_the_pages(TopDealsPageStepDefinition.java:82)
at âœ½.validating whether price displayed is same in both the pages(file:///C:/Users/chan_du/Downloads/15%20March%20Export/E-Commerce%20WebSite%20Automation/src/test/java/features/SearchProduct.feature:7)
]]>
    </failure>
  </testcase> <!-- runScenario -->
</testsuite> <!-- cucumberOptions.TestNGTestRunner -->
